<?xml version="1.0" encoding="UTF-8"?>
<!-- Generated by org.testng.reporters.JUnitXMLReporter -->
<testsuite ignored="0" hostname="rocky-NUC7i3BNH" failures="4" tests="11" name="POMValidations" time="43.867" errors="0" timestamp="2023-06-14T18:14:27 EDT">
  <testcase classname="POMFramework.test.POMValidations" name="TC1_AssertEquals" time="3.779"/>
  <testcase classname="POMFramework.test.POMValidations" name="TC2_AssertNotEquals" time="2.629">
    <skipped/>
  </testcase> <!-- TC2_AssertNotEquals -->
  <testcase classname="POMFramework.test.POMValidations" name="TC2_AssertNotEquals" time="2.787">
    <failure type="java.lang.AssertionError" message="did not expect [AutomationByte - Handcrafted Practice Material] but found [AutomationByte - Handcrafted Practice Material]">
      <![CDATA[java.lang.AssertionError: did not expect [AutomationByte - Handcrafted Practice Material] but found [AutomationByte - Handcrafted Practice Material]
at POMFramework.test.POMValidations.TC2_AssertNotEquals(POMValidations.java:105)
at java.base/java.util.ArrayList.forEach(ArrayList.java:1511)
... Removed 32 stack frames]]>
    </failure>
  </testcase> <!-- TC2_AssertNotEquals -->
  <testcase classname="POMFramework.test.POMValidations" name="TC3_AssertTrue" time="2.739"/>
  <testcase classname="POMFramework.test.POMValidations" name="TC4_AssertFalse" time="2.656">
    <skipped/>
  </testcase> <!-- TC4_AssertFalse -->
  <testcase classname="POMFramework.test.POMValidations" name="TC4_AssertFalse" time="2.986">
    <failure type="java.lang.AssertionError" message="expected [false] but found [true]">
      <![CDATA[java.lang.AssertionError: expected [false] but found [true]
at POMFramework.test.POMValidations.TC4_AssertFalse(POMValidations.java:147)
at java.base/java.util.ArrayList.forEach(ArrayList.java:1511)
... Removed 31 stack frames]]>
    </failure>
  </testcase> <!-- TC4_AssertFalse -->
  <testcase classname="POMFramework.test.POMValidations" name="TC5_AssertNull" time="2.817">
    <skipped/>
  </testcase> <!-- TC5_AssertNull -->
  <testcase classname="POMFramework.test.POMValidations" name="TC5_AssertNull" time="2.637">
    <failure type="java.lang.AssertionError" message="expected [null] but found [AutomationByte - Handcrafted Practice Material]">
      <![CDATA[java.lang.AssertionError: expected [null] but found [AutomationByte - Handcrafted Practice Material]
at POMFramework.test.POMValidations.TC5_AssertNull(POMValidations.java:168)
at java.base/java.util.ArrayList.forEach(ArrayList.java:1511)
... Removed 31 stack frames]]>
    </failure>
  </testcase> <!-- TC5_AssertNull -->
  <testcase classname="POMFramework.test.POMValidations" name="TC6_AssertNotNull" time="2.691"/>
  <testcase classname="POMFramework.test.POMValidations" name="TC7_SoftAssert" time="2.962">
    <skipped/>
  </testcase> <!-- TC7_SoftAssert -->
  <testcase classname="POMFramework.test.POMValidations" name="TC7_SoftAssert" time="2.769">
    <failure type="java.lang.AssertionError" message="The following asserts failed:
	expected [false] but found [true]">
      <![CDATA[java.lang.AssertionError: The following asserts failed:
expected [false] but found [true]
at POMFramework.test.POMValidations.TC7_SoftAssert(POMValidations.java:221)
at java.base/java.util.ArrayList.forEach(ArrayList.java:1511)
... Removed 29 stack frames]]>
    </failure>
  </testcase> <!-- TC7_SoftAssert -->
</testsuite> <!-- POMValidations -->
