{"uuid":"72b9a675-b2ef-4869-ae9e-20fc14d440da","historyId":"5411417341f7f417ef737508b874d2eb","fullName":"io.cucumber.testng.AbstractTestNGCucumberTests.setUpClass","labels":[{"name":"package","value":"Cucumber.RunnerClass.runTest"},{"name":"testClass","value":"Cucumber.RunnerClass.runTest"},{"name":"testMethod","value":"setUpClass"},{"name":"parentSuite","value":"Default suite"},{"name":"suite","value":"Default test"},{"name":"subSuite","value":"Cucumber.RunnerClass.runTest"},{"name":"host","value":"rocky-NUC7i3BNH"},{"name":"thread","value":"426298@rocky-NUC7i3BNH.main(1)"},{"name":"framework","value":"testng"},{"name":"language","value":"java"},{"name":"AS_ID","value":"-1"}],"links":[],"name":"setUpClass","status":"broken","statusDetails":{"known":false,"muted":false,"flaky":false,"message":"Couldn't create a file output stream for 'TestReport/cucumber-pretty'.\nMake sure the the file isn't a directory.\n\nNote: This usually happens when plugins write to colliding paths.\nFor example: 'json:target/cucumber/report.json, html:target/cucumber'\nYou can fix this by making the paths do no collide.\nFor example: 'json:target/cucumber/report.json, html:target/cucumber/report.html'\nThe details are in the stack trace below:","trace":"java.lang.IllegalArgumentException: Couldn't create a file output stream for 'TestReport/cucumber-pretty'.\nMake sure the the file isn't a directory.\n\nNote: This usually happens when plugins write to colliding paths.\nFor example: 'json:target/cucumber/report.json, html:target/cucumber'\nYou can fix this by making the paths do no collide.\nFor example: 'json:target/cucumber/report.json, html:target/cucumber/report.html'\nThe details are in the stack trace below:\n\tat io.cucumber.core.plugin.PluginFactory.createFileOutputStream(PluginFactory.java:240)\n\tat io.cucumber.core.plugin.PluginFactory.openStream(PluginFactory.java:199)\n\tat io.cucumber.core.plugin.PluginFactory.convert(PluginFactory.java:166)\n\tat io.cucumber.core.plugin.PluginFactory.instantiate(PluginFactory.java:99)\n\tat io.cucumber.core.plugin.PluginFactory.create(PluginFactory.java:63)\n\tat io.cucumber.core.plugin.Plugins.createPlugins(Plugins.java:32)\n\tat io.cucumber.core.plugin.Plugins.<init>(Plugins.java:25)\n\tat io.cucumber.testng.TestNGCucumberRunner.<init>(TestNGCucumberRunner.java:108)\n\tat io.cucumber.testng.AbstractTestNGCucumberTests.setUpClass(AbstractTestNGCucumberTests.java:27)\n\tat java.base/jdk.internal.reflect.NativeMethodAccessorImpl.invoke0(Native Method)\n\tat java.base/jdk.internal.reflect.NativeMethodAccessorImpl.invoke(NativeMethodAccessorImpl.java:77)\n\tat java.base/jdk.internal.reflect.DelegatingMethodAccessorImpl.invoke(DelegatingMethodAccessorImpl.java:43)\n\tat java.base/java.lang.reflect.Method.invoke(Method.java:568)\n\tat org.testng.internal.MethodInvocationHelper.invokeMethod(MethodInvocationHelper.java:133)\n\tat org.testng.internal.MethodInvocationHelper.invokeMethodConsideringTimeout(MethodInvocationHelper.java:62)\n\tat org.testng.internal.ConfigInvoker.invokeConfigurationMethod(ConfigInvoker.java:385)\n\tat org.testng.internal.ConfigInvoker.invokeConfigurations(ConfigInvoker.java:321)\n\tat org.testng.internal.TestMethodWorker.invokeBeforeClassMethods(TestMethodWorker.java:176)\n\tat org.testng.internal.TestMethodWorker.run(TestMethodWorker.java:122)\n\tat java.base/java.util.ArrayList.forEach(ArrayList.java:1511)\n\tat org.testng.TestRunner.privateRun(TestRunner.java:794)\n\tat org.testng.TestRunner.run(TestRunner.java:596)\n\tat org.testng.SuiteRunner.runTest(SuiteRunner.java:377)\n\tat org.testng.SuiteRunner.runSequentially(SuiteRunner.java:371)\n\tat org.testng.SuiteRunner.privateRun(SuiteRunner.java:332)\n\tat org.testng.SuiteRunner.run(SuiteRunner.java:276)\n\tat org.testng.SuiteRunnerWorker.runSuite(SuiteRunnerWorker.java:53)\n\tat org.testng.SuiteRunnerWorker.run(SuiteRunnerWorker.java:96)\n\tat org.testng.TestNG.runSuitesSequentially(TestNG.java:1212)\n\tat org.testng.TestNG.runSuitesLocally(TestNG.java:1134)\n\tat org.testng.TestNG.runSuites(TestNG.java:1063)\n\tat org.testng.TestNG.run(TestNG.java:1031)\n\tat org.testng.remote.AbstractRemoteTestNG.run(AbstractRemoteTestNG.java:115)\n\tat org.testng.remote.RemoteTestNG.initAndRun(RemoteTestNG.java:251)\n\tat org.testng.remote.RemoteTestNG.main(RemoteTestNG.java:77)\nCaused by: java.io.FileNotFoundException: /media/rocky/81e509c3-f680-4aca-ae97-4b9ba8161528/Workspace-SeleniumKarate/BasicAutomationFramework/TestReport/cucumber-pretty (Is a directory)\n\tat java.base/java.io.FileOutputStream.open0(Native Method)\n\tat java.base/java.io.FileOutputStream.open(FileOutputStream.java:293)\n\tat java.base/java.io.FileOutputStream.<init>(FileOutputStream.java:235)\n\tat java.base/java.io.FileOutputStream.<init>(FileOutputStream.java:184)\n\tat io.cucumber.core.plugin.PluginFactory.createFileOutputStream(PluginFactory.java:237)\n\t... 34 more\n"},"stage":"finished","steps":[],"attachments":[],"parameters":[],"start":1686196476452,"stop":1686196476458}