{"uuid":"fee610ed-9473-46c0-8e0d-3e1da264bdc8","historyId":"8afe8ff0649f41ee930759b54ff01eb0","fullName":"cucumber.api.testng.AbstractTestNGCucumberTests.feature","labels":[{"name":"package","value":"Cucumber.RunnerClass.runTest"},{"name":"testClass","value":"Cucumber.RunnerClass.runTest"},{"name":"testMethod","value":"feature"},{"name":"parentSuite","value":"Default suite"},{"name":"suite","value":"Default test"},{"name":"subSuite","value":"Cucumber.RunnerClass.runTest"},{"name":"host","value":"rocky-NUC7i3BNH"},{"name":"thread","value":"390103@rocky-NUC7i3BNH.main(1)"},{"name":"framework","value":"testng"},{"name":"language","value":"java"}],"links":[],"name":"Runs Cucumber Feature","status":"skipped","statusDetails":{"known":false,"muted":false,"flaky":false,"message":"cucumber.runtime.CucumberException: Error parsing feature file src/Cucumber/Features/StockValues.feature","trace":"java.lang.RuntimeException: cucumber.runtime.CucumberException: Error parsing feature file src/Cucumber/Features/StockValues.feature\n\tat org.testng.internal.MethodInvocationHelper.invokeMethodNoCheckedException(MethodInvocationHelper.java:50)\n\tat org.testng.internal.MethodInvocationHelper.invokeDataProvider(MethodInvocationHelper.java:146)\n\tat org.testng.internal.Parameters.handleParameters(Parameters.java:798)\n\tat org.testng.internal.Parameters.handleParameters(Parameters.java:740)\n\tat org.testng.internal.ParameterHandler.handleParameters(ParameterHandler.java:59)\n\tat org.testng.internal.ParameterHandler.createParameters(ParameterHandler.java:38)\n\tat org.testng.internal.TestInvoker$MethodInvocationAgent.invoke(TestInvoker.java:791)\n\tat org.testng.internal.TestInvoker.invokeTestMethods(TestInvoker.java:146)\n\tat org.testng.internal.TestMethodWorker.invokeTestMethods(TestMethodWorker.java:146)\n\tat org.testng.internal.TestMethodWorker.run(TestMethodWorker.java:128)\n\tat java.base/java.util.ArrayList.forEach(ArrayList.java:1511)\n\tat org.testng.TestRunner.privateRun(TestRunner.java:794)\n\tat org.testng.TestRunner.run(TestRunner.java:596)\n\tat org.testng.SuiteRunner.runTest(SuiteRunner.java:377)\n\tat org.testng.SuiteRunner.runSequentially(SuiteRunner.java:371)\n\tat org.testng.SuiteRunner.privateRun(SuiteRunner.java:332)\n\tat org.testng.SuiteRunner.run(SuiteRunner.java:276)\n\tat org.testng.SuiteRunnerWorker.runSuite(SuiteRunnerWorker.java:53)\n\tat org.testng.SuiteRunnerWorker.run(SuiteRunnerWorker.java:96)\n\tat org.testng.TestNG.runSuitesSequentially(TestNG.java:1212)\n\tat org.testng.TestNG.runSuitesLocally(TestNG.java:1134)\n\tat org.testng.TestNG.runSuites(TestNG.java:1063)\n\tat org.testng.TestNG.run(TestNG.java:1031)\n\tat org.testng.remote.AbstractRemoteTestNG.run(AbstractRemoteTestNG.java:115)\n\tat org.testng.remote.RemoteTestNG.initAndRun(RemoteTestNG.java:251)\n\tat org.testng.remote.RemoteTestNG.main(RemoteTestNG.java:77)\nCaused by: cucumber.runtime.CucumberException: Error parsing feature file src/Cucumber/Features/StockValues.feature\n\tat cucumber.runtime.FeatureBuilder.parse(FeatureBuilder.java:133)\n\tat cucumber.runtime.model.CucumberFeature.loadFromFeaturePath(CucumberFeature.java:104)\n\tat cucumber.runtime.model.CucumberFeature.load(CucumberFeature.java:54)\n\tat cucumber.runtime.model.CucumberFeature.load(CucumberFeature.java:34)\n\tat cucumber.runtime.RuntimeOptions.cucumberFeatures(RuntimeOptions.java:235)\n\tat cucumber.api.testng.TestNGCucumberRunner.getFeatures(TestNGCucumberRunner.java:85)\n\tat cucumber.api.testng.TestNGCucumberRunner.provideFeatures(TestNGCucumberRunner.java:93)\n\tat cucumber.api.testng.AbstractTestNGCucumberTests.features(AbstractTestNGCucumberTests.java:29)\n\tat java.base/jdk.internal.reflect.NativeMethodAccessorImpl.invoke0(Native Method)\n\tat java.base/jdk.internal.reflect.NativeMethodAccessorImpl.invoke(NativeMethodAccessorImpl.java:77)\n\tat java.base/jdk.internal.reflect.DelegatingMethodAccessorImpl.invoke(DelegatingMethodAccessorImpl.java:43)\n\tat java.base/java.lang.reflect.Method.invoke(Method.java:568)\n\tat org.testng.internal.MethodInvocationHelper.invokeMethod(MethodInvocationHelper.java:133)\n\tat org.testng.internal.MethodInvocationHelper.invokeMethod(MethodInvocationHelper.java:77)\n\tat org.testng.internal.MethodInvocationHelper.invokeMethodNoCheckedException(MethodInvocationHelper.java:46)\n\t... 25 more\nCaused by: gherkin.lexer.LexingError: Lexing error on line 21: '| browser\t\t| env\t\t|\turl \t\t\t| title\t\t\n      | Chrome\t\t| test\t| test_url\t| Google\t\n      | Chrome\t\t| test\t| test_url\t| Google\t\n      | Chrome\t\t| test\t| test_url\t| Google\t\n      | Chrome\t\t| test\t| test_url\t| Google\n      | Chrome\t\t| test\t| test_url\t| Google\t\n\n  @core, @login, @Blocker\n  Scenario Outline: login into the CNBC site through Google\n    Given Open the <browser> browser and maximize it\n    And Navigate to <evn> env and <url> site\n    When Ensure the browser is open and navigate to <url> and <title>\n    And Check the site is reachable\n    And enter the <serach_str>\n    And click on the search button\n    Then Ensure the result is displayed\n    And Click on the first search result\n    Then Ensure the targeted site is open and navigate to <url> and <title>\n    And Check the <stock_search> is present\n    And Fetch the <stock_search> value and append or store in text file\n    And Fetch the <stock_search> value and append or store in excel file\n\nExamples: \n      | browser\t\t| env\t\t|\turl \t\t\t| title\t\t| serach_str\t| stock_search\n      | Chrome\t\t| test\t| test_url\t| Google\t|\tCNBC\t\t\t\t| NASDAQ\n      | Chrome\t\t| test\t| test_url\t| Google\t|\tCNBC\t\t\t\t| \n      | Chrome\t\t| test\t| test_url\t| Google\t|\tCNBC\t\t\t\t| CNBC\n      | Chrome\t\t| test\t| test_url\t| Google\t|\tCNBC\t\t\t\t| CNBC\n      | Chrome\t\t| test\t| test_url\t| Google\t|\tCNBC\t\t\t\t| CNBC\n%_FEATURE_END_%'. See http://wiki.github.com/cucumber/gherkin/lexingerror for more information.\n\tat gherkin.lexer.En.scan(En.java:872)\n\tat gherkin.lexer.I18nLexer.scan(I18nLexer.java:36)\n\tat gherkin.parser.Parser.parse(Parser.java:62)\n\tat cucumber.runtime.FeatureBuilder.parse(FeatureBuilder.java:131)\n\t... 39 more\n"},"stage":"finished","steps":[],"attachments":[],"parameters":[],"start":1686192763209,"stop":1686192763221}